2025-04-12 14:53:04 - Registered: Mary (ID: 6)
2025-04-12 15:52:07 - Registered: Sofiia (ID: 7)
2025-04-12 15:53:06 - Registered: Billy (ID: 8)
2025-04-12 15:55:24 - Registered: Stark (ID: 9)
2025-04-12 16:04:25 - Registered: Steve (ID: 10)
2025-04-12 16:05:28 - Registered: Mia (ID: 11)
2025-04-12 16:06:21 - Registered: Marko (ID: 12)
2025-04-12 16:08:15 - Registered: Sem (ID: 13)
2025-04-12 16:09:53 - Registered: Marty (ID: 14)
2025-04-12 16:11:15 - Registered: Samara (ID: 15)
2025-04-12 16:13:20 - Registered: Coraline (ID: 16)
2025-04-12 17:13:49 - Registered: Herda (ID: 17)
2025-04-12 17:21:51 - Registered: Artur (ID: 21)
2025-04-12 17:22:46 - Registered: Liza (ID: 22)
2025-04-12 19:55:26 - Registered: Emmy (ID: 23)
2025-04-12 19:59:28 - Registered: Ann (ID: 24)
2025-04-12 20:08:46 - Registered: Viliam (ID: 26)
2025-04-12 20:12:46 - Registered: Alex (ID: 27)
2025-04-13 10:47:49 - Registered: Kate (ID: 28)
2025-04-13 10:57:20 - Registered: Sten (ID: 29)
2025-04-13 10:58:18 - Registered: Pines (ID: 30)
2025-04-13 11:02:12 - Registered: May (ID: 31)
2025-04-13 11:20:46 - Registered: Sofy (ID: 32)
2025-04-13 11:33:54 - Registered: Katrine (ID: 33)
2025-04-13 11:41:22 - Registered: Jony (ID: 34)
2025-04-13 12:28:46 - Registered: Mort (ID: 35)
2025-04-13 12:29:49 - Registered: Korra (ID: 36)
2025-04-13 12:30:28 - Registered: Aang (ID: 37)
2025-04-13 12:31:40 - Registered: Rapunsel (ID: 38)
2025-04-13 12:32:39 - Registered: Sky (ID: 39)
2025-04-13 12:35:53 - Registered: Madaline (ID: 40)
2025-04-18 17:14:15 - Registered: Mary (ID: 41)
2025-04-18 17:17:21 - Registered: Artur (ID: 42)
2025-04-18 20:28:33 - Registered: Sofiia (ID: 43)
2025-04-19 09:01:38 - Registered: Kostantin (ID: 44)
2025-04-19 09:09:23 - Registered: Moko (ID: 45)
2025-04-19 09:12:25 - Registered: Sara (ID: 46)
2025-04-19 09:24:00 - Registered: Siri (ID: 47)
2025-04-19 10:10:03 - Registered: Skot (ID: 48)
2025-04-19 10:28:06 - Registered: Colin (ID: 49)
2025-04-19 10:31:59 - Registered: Satur (ID: 50)
2025-04-19 10:38:04 - Registered: Meny (ID: 51)
2025-04-19 10:43:15 - Registered: Marty (ID: 52)
2025-04-19 10:47:58 - Registered: Met (ID: 53)
2025-04-19 10:52:24 - Registered: Stiven (ID: 54)
2025-04-19 10:58:58 - Registered: Kurt (ID: 55)
2025-04-19 11:09:56 - Registered: Harley (ID: 56)
2025-04-19 11:15:12 - Registered: Flater (ID: 57)
2025-04-19 11:25:09 - Registered: Marco (ID: 58)
2025-04-19 11:51:34 - Registered: Spaik (ID: 1)
2025-04-19 12:01:39 - Registered: Rick (ID: 2)
2025-04-19 12:40:56 - Registered: Mara (ID: 3)
2025-04-19 12:42:46 - Registered: Sem (ID: 4)
2025-04-19 12:46:25 - Registered: Man (ID: 1)
2025-04-19 16:14:31 - Registered: Evergreen (ID: 2)
2025-04-19 16:18:21 - Registered: Samara (ID: 3)
2025-04-19 16:33:17 - Registered: Floid (ID: 4)
2025-05-03 16:55:28 - Registered: Sofiia (ID: 5, UUID: 828af4ce-54d0-4bec-878e-595cc4c988a6)
2025-05-03 17:00:35 - Registered: Colin (ID: 6, UUID: 0c7ca0fa-65df-46b7-9c70-e447681c584a)
2025-05-03 17:20:03 - Registered: Mary (ID: 7, UUID: 828af4ce-54d0-4bec-878e-595cc4c988a6)
2025-05-03 17:20:30 - Registered: Col (ID: 8, UUID: 0c7ca0fa-65df-46b7-9c70-e447681c584a)
2025-05-03 17:29:42 - Registered: Mary (ID: 9, UUID: 828af4ce-54d0-4bec-878e-595cc4c988a6)
2025-05-03 17:30:32 - Registered: John (ID: 10, UUID: 0c7ca0fa-65df-46b7-9c70-e447681c584a)
2025-05-03 17:51:42 - Registered: May (ID: 11, UUID: 828af4ce-54d0-4bec-878e-595cc4c988a6)
2025-05-03 18:00:27 - Registered: Evelin (ID: 12, UUID: 0c7ca0fa-65df-46b7-9c70-e447681c584a)
2025-05-03 18:18:08 - Registered: May (ID: 13, UUID: 828af4ce-54d0-4bec-878e-595cc4c988a6)
2025-05-03 18:19:23 - Registered: May (ID: 14, UUID: 828af4ce-54d0-4bec-878e-595cc4c988a6)
2025-05-03 18:20:34 - Registered: Mary (ID: 15, UUID: 0c7ca0fa-65df-46b7-9c70-e447681c584a)
2025-05-04 18:09:06 - Registered: Kolin (ID: 16, UUID: 828af4ce-54d0-4bec-878e-595cc4c988a6)
2025-05-04 18:09:39 - Registered: Martin (ID: 17, UUID: 0c7ca0fa-65df-46b7-9c70-e447681c584a)
2025-05-04 18:16:04 - Registered: Merlin (ID: 18, UUID: 828af4ce-54d0-4bec-878e-595cc4c988a6)
2025-05-04 18:16:23 - Registered: Artur (ID: 19, UUID: 0c7ca0fa-65df-46b7-9c70-e447681c584a)
2025-05-04 18:23:21 - Registered: Merline (ID: 20, UUID: 828af4ce-54d0-4bec-878e-595cc4c988a6)
2025-05-04 18:23:42 - Registered: Arthur (ID: 21, UUID: 0c7ca0fa-65df-46b7-9c70-e447681c584a)
2025-05-04 18:33:38 - Registered: May (ID: 22, UUID: 828af4ce-54d0-4bec-878e-595cc4c988a6)
2025-05-04 18:34:07 - Registered: Sky (ID: 23, UUID: 0c7ca0fa-65df-46b7-9c70-e447681c584a)
2025-05-04 18:43:49 - Registered: May (ID: 24, UUID: 828af4ce-54d0-4bec-878e-595cc4c988a6)
2025-05-04 18:46:01 - Registered: May (ID: 25, UUID: 828af4ce-54d0-4bec-878e-595cc4c988a6)
2025-05-04 18:46:22 - Registered: Sky (ID: 26, UUID: 0c7ca0fa-65df-46b7-9c70-e447681c584a)
2025-05-04 19:05:21 - Registered: May (ID: 27, UUID: 828af4ce-54d0-4bec-878e-595cc4c988a6)
2025-05-04 19:09:53 - Registered: Sky (ID: 28, UUID: 0c7ca0fa-65df-46b7-9c70-e447681c584a)
2025-05-04 19:14:14 - Registered: May (ID: 29, UUID: 828af4ce-54d0-4bec-878e-595cc4c988a6)
2025-05-04 19:14:57 - Registered: Sky (ID: 30, UUID: 0c7ca0fa-65df-46b7-9c70-e447681c584a)
2025-05-05 10:45:17 - Registered: Ketrine (ID: 31, UUID: 828af4ce-54d0-4bec-878e-595cc4c988a6)
2025-05-05 10:45:41 - Registered: Marko (ID: 32, UUID: 0c7ca0fa-65df-46b7-9c70-e447681c584a)
2025-05-05 10:58:38 - Registered: Sky (ID: 33, UUID: 828af4ce-54d0-4bec-878e-595cc4c988a6)
2025-05-05 10:58:53 - Registered: May (ID: 34, UUID: 0c7ca0fa-65df-46b7-9c70-e447681c584a)
2025-05-05 11:20:54 - Registered: Sky (ID: 35, UUID: 828af4ce-54d0-4bec-878e-595cc4c988a6)
2025-05-05 11:21:07 - Registered: May (ID: 36, UUID: 0c7ca0fa-65df-46b7-9c70-e447681c584a)
2025-05-05 11:32:44 - Registered: Sky (ID: 37, UUID: 828af4ce-54d0-4bec-878e-595cc4c988a6)
2025-05-05 11:32:53 - Registered: May (ID: 38, UUID: 0c7ca0fa-65df-46b7-9c70-e447681c584a)
2025-05-05 11:58:03 - Registered: Sky (ID: 39, UUID: 828af4ce-54d0-4bec-878e-595cc4c988a6)
2025-05-05 11:58:23 - Registered: May (ID: 40, UUID: 0c7ca0fa-65df-46b7-9c70-e447681c584a)
2025-05-05 13:53:37 - Registered: Sky (ID: 41, UUID: 828af4ce-54d0-4bec-878e-595cc4c988a6)
2025-05-05 13:53:55 - Registered: May (ID: 42, UUID: 0c7ca0fa-65df-46b7-9c70-e447681c584a)
2025-05-05 14:04:08 - Registered: Sky (ID: 43, UUID: 828af4ce-54d0-4bec-878e-595cc4c988a6)
2025-05-05 14:04:23 - Registered: May (ID: 44, UUID: 0c7ca0fa-65df-46b7-9c70-e447681c584a)
2025-05-05 14:17:01 - Registered: Sky (ID: 45, UUID: 828af4ce-54d0-4bec-878e-595cc4c988a6)
2025-05-05 14:17:11 - Registered: May (ID: 46, UUID: 0c7ca0fa-65df-46b7-9c70-e447681c584a)
2025-05-05 14:32:31 - Registered: Sky (ID: 47, UUID: 0c7ca0fa-65df-46b7-9c70-e447681c584a)
2025-05-05 14:32:52 - Registered: May (ID: 48, UUID: 828af4ce-54d0-4bec-878e-595cc4c988a6)
2025-05-05 14:45:56 - Registered: Sky (ID: 49, UUID: 828af4ce-54d0-4bec-878e-595cc4c988a6)
2025-05-05 14:46:04 - Registered: May (ID: 50, UUID: 0c7ca0fa-65df-46b7-9c70-e447681c584a)
2025-05-05 14:56:40 - Registered: Sky (ID: 51, UUID: 0c7ca0fa-65df-46b7-9c70-e447681c584a)
2025-05-05 14:56:50 - Registered: May (ID: 52, UUID: 828af4ce-54d0-4bec-878e-595cc4c988a6)
2025-05-05 15:08:36 - Registered: Sky (ID: 53, UUID: 828af4ce-54d0-4bec-878e-595cc4c988a6)
2025-05-05 15:08:53 - Registered: May (ID: 54, UUID: 0c7ca0fa-65df-46b7-9c70-e447681c584a)
2025-05-05 15:16:24 - Registered: Sky (ID: 55, UUID: 828af4ce-54d0-4bec-878e-595cc4c988a6)
2025-05-05 15:16:37 - Registered: May (ID: 56, UUID: 0c7ca0fa-65df-46b7-9c70-e447681c584a)
2025-05-05 15:22:29 - Registered: Jony (ID: 57, UUID: 828af4ce-54d0-4bec-878e-595cc4c988a6)
2025-05-05 15:22:38 - Registered: Sky (ID: 58, UUID: 0c7ca0fa-65df-46b7-9c70-e447681c584a)
2025-05-05 15:34:48 - Registered: Sky (ID: 59, UUID: 828af4ce-54d0-4bec-878e-595cc4c988a6)
2025-05-05 15:34:56 - Registered: Mary (ID: 60, UUID: 0c7ca0fa-65df-46b7-9c70-e447681c584a)
2025-05-05 16:02:52 - Registered: Sky (ID: 61, UUID: 828af4ce-54d0-4bec-878e-595cc4c988a6)
2025-05-05 16:02:58 - Registered: Jony (ID: 62, UUID: 0c7ca0fa-65df-46b7-9c70-e447681c584a)
2025-05-05 16:24:50 - Registered: Sky (ID: 63, UUID: 828af4ce-54d0-4bec-878e-595cc4c988a6)
2025-05-05 16:25:05 - Registered: Mary (ID: 64, UUID: 0c7ca0fa-65df-46b7-9c70-e447681c584a)
2025-05-05 16:59:50 - Registered: Sky (ID: 65, UUID: 0c7ca0fa-65df-46b7-9c70-e447681c584a)
2025-05-05 17:00:00 - Registered: Eren (ID: 66, UUID: 828af4ce-54d0-4bec-878e-595cc4c988a6)
2025-05-05 17:18:34 - Registered: Morty (ID: 67, UUID: 0c7ca0fa-65df-46b7-9c70-e447681c584a)
2025-05-05 17:18:41 - Registered: Mary (ID: 68, UUID: 828af4ce-54d0-4bec-878e-595cc4c988a6)
2025-05-05 17:27:48 - Registered: Sky (ID: 69, UUID: 0c7ca0fa-65df-46b7-9c70-e447681c584a)
2025-05-05 17:27:58 - Registered: Fill (ID: 70, UUID: 828af4ce-54d0-4bec-878e-595cc4c988a6)
2025-05-05 18:18:18 - Registered: Mary (ID: 71, UUID: 828af4ce-54d0-4bec-878e-595cc4c988a6)
2025-05-05 18:18:51 - Registered: Morty (ID: 72, UUID: 0c7ca0fa-65df-46b7-9c70-e447681c584a)
2025-05-05 18:29:58 - Registered: May (ID: 73)
2025-05-05 18:31:02 - Registered: May (ID: 74)
2025-05-05 18:31:16 - Registered: Martin (ID: 75)
2025-05-05 18:31:52 - Registered: Eren (ID: 76)
2025-05-05 18:39:10 - Registered: Kate (ID: 77)
2025-05-05 18:39:22 - Registered: Mery (ID: 78)
2025-05-05 18:54:13 - Registered: Eren (ID: 79)
2025-05-05 18:54:35 - Registered: Mikasa (ID: 80)
2025-05-05 18:54:52 - Registered: Armin (ID: 81)
2025-05-05 18:55:32 - Registered: Eren (ID: 82)
2025-05-05 18:56:05 - Registered: Mikasa (ID: 83)
2025-05-05 19:08:16 - Registered: Eren (ID: 84)
2025-05-05 19:08:32 - Registered: Mary (ID: 85)
2025-05-05 19:08:54 - Registered: Jony (ID: 86)
2025-05-05 19:28:29 - Registered: Eren (ID: 87)
2025-05-05 19:28:52 - Registered: Levi (ID: 88)
2025-05-05 19:29:09 - Registered: Armin (ID: 89)
2025-05-05 19:32:46 - Registered: Eren (ID: 90)
2025-05-05 19:32:57 - Registered: Levi (ID: 91)
2025-05-05 21:21:32 - Registered: Eren (ID: 92)
2025-05-05 21:21:54 - Registered: Levi (ID: 93)
2025-05-05 21:31:36 - Registered: Eren (ID: 94)
2025-05-05 21:31:46 - Registered: Levi (ID: 95)
2025-05-05 21:41:58 - Registered: Eren (ID: 96)
2025-05-05 21:42:10 - Registered: Levi (ID: 97)
2025-05-05 21:47:47 - Registered: Eren (ID: 1)
2025-05-05 21:47:54 - Registered: Levi (ID: 2)
2025-05-05 22:02:43 - Registered: Levi (ID: 3)
2025-05-05 22:02:52 - Registered: Eren (ID: 4)
2025-05-05 22:14:59 - Registered: Eren (ID: 5)
2025-05-05 22:15:02 - Registered: Levi (ID: 6)
2025-05-06 20:49:59 - Registered: Eren (ID: 7)
2025-05-06 20:50:09 - Registered: Levi (ID: 8)
2025-05-06 21:17:46 - Registered: Eren (ID: 9)
2025-05-06 21:18:00 - Registered: Levi (ID: 10)
2025-05-06 21:45:28 - Registered: Eren (ID: 11)
2025-05-06 21:45:40 - Registered: Levi (ID: 12)
2025-05-06 22:04:29 - Registered: Eren (ID: 13)
2025-05-06 22:04:39 - Registered: Levi (ID: 14)
